<?xml version="1.0" encoding="UTF-8"?>
<!-- Generated by org.testng.reporters.JUnitReportReporter -->
<testsuite hostname="DESKTOP-UQORD6K" failures="0" tests="1" name="syedsaifali.AppPkg_AppActivity" time="19.226" errors="0" timestamp="2025-02-16T15:38:22 PKT" skipped="0">
  <testcase classname="syedsaifali.AppPkg_AppActivity" name="MiscAppiumAction" time="19.226"/>
  <system-out/>
</testsuite> <!-- syedsaifali.AppPkg_AppActivity -->
