<?xml version="1.0" encoding="UTF-8"?>
<!-- Generated by org.testng.reporters.JUnitReportReporter -->
<testsuite hostname="DESKTOP-UQORD6K" failures="0" tests="1" name="syedsaifali.Swap" time="18.166" errors="0" timestamp="2025-02-14T23:35:46 PKT" skipped="0">
  <testcase classname="syedsaifali.Swap" name="Swap" time="18.166"/>
  <system-out/>
</testsuite> <!-- syedsaifali.Swap -->
