<?xml version="1.0" encoding="UTF-8"?>
<!-- Generated by org.testng.reporters.JUnitReportReporter -->
<testsuite hostname="DESKTOP-UQORD6K" failures="0" tests="1" name="syedsaifali.AppiumJava" time="37.568" errors="0" timestamp="2025-02-15T16:15:32 PKT" skipped="0">
  <testcase classname="syedsaifali.AppiumJava" name="appiumTest" time="37.568"/>
  <system-out/>
</testsuite> <!-- syedsaifali.AppiumJava -->
