<?xml version="1.0" encoding="UTF-8"?>
<!-- Generated by org.testng.reporters.JUnitReportReporter -->
<testsuite hostname="DESKTOP-UQORD6K" failures="0" tests="1" name="syedsaifali.ScrollDemo" time="12.983" errors="0" timestamp="2025-02-14T01:28:44 PKT" skipped="0">
  <testcase classname="syedsaifali.ScrollDemo" name="ScrollDemo" time="12.983"/>
  <system-out/>
</testsuite> <!-- syedsaifali.ScrollDemo -->
