<?xml version="1.0" encoding="UTF-8"?>
<!-- Generated by org.testng.reporters.JUnitReportReporter -->
<testsuite hostname="DESKTOP-UQORD6K" failures="0" tests="1" name="syedsaifali.LongPress" time="15.912" errors="0" timestamp="2025-02-13T23:25:51 PKT" skipped="0">
  <testcase classname="syedsaifali.LongPress" name="longPresstest" time="15.912"/>
  <system-out/>
</testsuite> <!-- syedsaifali.LongPress -->
