<?xml version="1.0" encoding="UTF-8"?>
<!-- Generated by org.testng.reporters.JUnitReportReporter -->
<testsuite hostname="DESKTOP-UQORD6K" failures="0" tests="1" name="syedsaifali.Drag_Drop" time="13.996" errors="0" timestamp="2025-02-15T00:27:43 PKT" skipped="0">
  <testcase classname="syedsaifali.Drag_Drop" name="Drag_Drop" time="13.996"/>
  <system-out/>
</testsuite> <!-- syedsaifali.Drag_Drop -->
