<?xml version="1.0" encoding="UTF-8"?>
<!-- Generated by org.testng.reporters.JUnitReportReporter -->
<testsuite hostname="DESKTOP-UQORD6K" failures="0" tests="1" name="syedsaifali.MiscAppiumAction" time="33.645" errors="0" timestamp="2025-02-15T16:22:44 PKT" skipped="0">
  <testcase classname="syedsaifali.MiscAppiumAction" name="MiscAppiumAction" time="33.645"/>
  <system-out/>
</testsuite> <!-- syedsaifali.MiscAppiumAction -->
