<?xml version="1.0" encoding="UTF-8"?>
<!-- Generated by org.testng.reporters.JUnitReportReporter -->
<testsuite hostname="DESKTOP-UQORD6K" failures="0" tests="1" name="syedsaifali.assignment1" time="41.275" errors="0" timestamp="2025-02-23T13:54:29 PKT" skipped="0">
  <testcase classname="syedsaifali.assignment1" name="assignment1" time="41.275"/>
  <system-out/>
</testsuite> <!-- syedsaifali.assignment1 -->
