<?xml version="1.0" encoding="UTF-8"?>
<!-- Generated by org.testng.reporters.JUnitReportReporter -->
<testsuite hostname="DESKTOP-UQORD6K" failures="0" tests="1" name="syedsaifali.eCommerce_tc_1" time="53.771" errors="0" timestamp="2025-02-17T14:16:57 PKT" skipped="0">
  <testcase classname="syedsaifali.eCommerce_tc_1" name="fillForm" time="53.771"/>
  <system-out/>
</testsuite> <!-- syedsaifali.eCommerce_tc_1 -->
