<?xml version="1.0" encoding="UTF-8"?>
<!-- Generated by org.testng.reporters.JUnitReportReporter -->
<testsuite hostname="DESKTOP-UQORD6K" failures="0" tests="2" name="syedsaifali.MultiplCases" time="19.802" errors="0" timestamp="2025-03-09T16:09:56 PKT" skipped="0">
  <testcase classname="syedsaifali.MultiplCases" name="errorMethod" time="7.273"/>
  <testcase classname="syedsaifali.MultiplCases" name="positiveCase" time="12.529"/>
</testsuite> <!-- syedsaifali.MultiplCases -->
