<?xml version="1.0" encoding="UTF-8"?>
<!-- Generated by org.testng.reporters.JUnitReportReporter -->
<testsuite hostname="DESKTOP-UQORD6K" failures="0" tests="1" name="syedsaifali.eCommerce_tc_HybridApp" time="35.834" errors="0" timestamp="2025-03-09T16:09:56 PKT" skipped="0">
  <testcase classname="syedsaifali.eCommerce_tc_HybridApp" name="fillForm" time="35.834"/>
</testsuite> <!-- syedsaifali.eCommerce_tc_HybridApp -->
