<?xml version="1.0" encoding="UTF-8"?>
<!-- Generated by org.testng.reporters.JUnitReportReporter -->
<testsuite hostname="DESKTOP-UQORD6K" failures="0" tests="1" name="syedsaifali.eCommerce_tc_HybridApp_HashData" time="34.189" errors="0" timestamp="2025-03-09T16:09:56 PKT" skipped="0">
  <testcase classname="syedsaifali.eCommerce_tc_HybridApp_HashData" name="fillForm" time="34.189"/>
</testsuite> <!-- syedsaifali.eCommerce_tc_HybridApp_HashData -->
