<?xml version="1.0" encoding="UTF-8"?>
<!-- Generated by org.testng.reporters.JUnitReportReporter -->
<testsuite hostname="DESKTOP-UQORD6K" failures="0" tests="1" name="syedsaifali.ExtentReports.ExtentReportDemo" time="4.615" errors="0" timestamp="2025-03-01T17:04:30 PKT" skipped="0">
  <testcase classname="syedsaifali.ExtentReports.ExtentReportDemo" name="initialDemo" time="4.615"/>
</testsuite> <!-- syedsaifali.ExtentReports.ExtentReportDemo -->
